<?xml version="1.0" encoding="UTF-8"?>
<!-- Generated by org.testng.reporters.JUnitReportReporter -->
<testsuite hostname="DESKTOP-9JCE1NT" failures="0" tests="1" name="MyClass" time="20.762" errors="0" timestamp="2023-05-02T17:41:30 EEST" skipped="0">
  <testcase classname="MyClass" name="clickOnEvenNum" time="20.762"/>
  <system-out/>
</testsuite> <!-- MyClass -->
